/glade/u/apps/dav/opt/cuda/11.0.3//lib64:/glade/u/apps/dav/opt/cuda/11.0.3/extras/CUPTI/lib64:/glade/u/apps/dav/opt/cuda/11.0.3/lib64:/glade/u/apps/opt/nvhpc/20.11/Linux_x86_64/20.11/comm_libs/nvshmem/lib:/glade/u/apps/opt/nvhpc/20.11/Linux_x86_64/20.11/compilers/lib:/lib64:/lib:/usr/lib64:/usr/lib:/glade/u/apps/dav/opt/usr/lib64
Wed Jan 27 19:04:30 2021       
+-----------------------------------------------------------------------------+
| NVIDIA-SMI 450.51.06    Driver Version: 450.51.06    CUDA Version: 11.0     |
|-------------------------------+----------------------+----------------------+
| GPU  Name        Persistence-M| Bus-Id        Disp.A | Volatile Uncorr. ECC |
| Fan  Temp  Perf  Pwr:Usage/Cap|         Memory-Usage | GPU-Util  Compute M. |
|                               |                      |               MIG M. |
|===============================+======================+======================|
|   0  Tesla V100-SXM2...  On   | 00000000:61:00.0 Off |                    0 |
| N/A   34C    P0    40W / 300W |      0MiB / 32510MiB |      0%      Default |
|                               |                      |                  N/A |
+-------------------------------+----------------------+----------------------+
                                                                               
+-----------------------------------------------------------------------------+
| Processes:                                                                  |
|  GPU   GI   CI        PID   Type   Process name                  GPU Memory |
|        ID   ID                                                   Usage      |
|=============================================================================|
|  No running processes found                                                 |
+-----------------------------------------------------------------------------+

Beginning code output:
-------------

Initialized Matrix o_A, 4096 X 8192 
Initialized Matrix o_A, 4096 X 8192 
Init took 0.562408 seconds. Begin CPU compute.
CPU Matrix Addition took 0.089536 seconds. 
GPU Matrix Addition took 0.038847 seconds. 

Verification Failed (Tolerance = 0.000001)
First error encountered at: 
	 host_C[2048][4096]= 5.000000	 GPU_C[2048][4096] = 0.000000