
Currently Loaded Modules:
  1) ncarenv/1.2   2) nvhpc/20.11   3) cuda/11.0.3

 

==39278== NVPROF is profiling process 39278, command: ./matrix_add.exe 3 6
==39278== Profiling application: ./matrix_add.exe 3 6
==39278== Profiling result:
            Type  Time(%)      Time     Calls       Avg       Min       Max  Name
 GPU activities:  100.00%  291.58us         1  291.58us  291.58us  291.58us  openacc_matrix_add_10_gpu(float const *, float const *, float*, int, int)
      API calls:   89.30%  200.83ms         1  200.83ms  200.83ms  200.83ms  cuDevicePrimaryCtxRetain
                    9.09%  20.437ms         1  20.437ms  20.437ms  20.437ms  cuMemAllocManaged
                    0.93%  2.0882ms         2  1.0441ms  1.0217ms  1.0666ms  cuDeviceTotalMem
                    0.41%  919.24us         1  919.24us  919.24us  919.24us  cuMemAllocHost
                    0.13%  289.83us         1  289.83us  289.83us  289.83us  cuStreamSynchronize
                    0.08%  170.52us         1  170.52us  170.52us  170.52us  cuMemAlloc
                    0.05%  106.85us         1  106.85us  106.85us  106.85us  cuModuleLoadDataEx
                    0.01%  28.464us         1  28.464us  28.464us  28.464us  cuLaunchKernel
                    0.01%  14.785us         1  14.785us  14.785us  14.785us  cuStreamCreate
                    0.00%  6.7190us         3  2.2390us     353ns  3.5520us  cuPointerGetAttributes
                    0.00%  4.9350us         1  4.9350us  4.9350us  4.9350us  cuDeviceGetPCIBusId
                    0.00%  2.5380us         1  2.5380us  2.5380us  2.5380us  cuModuleGetFunction
                    0.00%  2.0720us         3     690ns     239ns  1.0840us  cuCtxSetCurrent
                    0.00%  1.6730us         5     334ns     228ns     631ns  cuDeviceGetAttribute
                    0.00%  1.1410us         3     380ns     214ns     704ns  cuDeviceGetCount
                    0.00%     710ns         2     355ns     150ns     560ns  cuDeviceGet
                    0.00%     256ns         1     256ns     256ns     256ns  cuCtxGetCurrent
                    0.00%     237ns         1     237ns     237ns     237ns  cuDeviceComputeCapability
                    0.00%     189ns         1     189ns     189ns     189ns  cuDriverGetVersion
 OpenACC (excl):   54.74%  293.49us         1  293.49us  293.49us  293.49us  acc_wait@matrix_add.cc:10
                   25.20%  135.11us         1  135.11us  135.11us  135.11us  acc_device_init
                    8.57%  45.973us         1  45.973us  45.973us  45.973us  acc_enter_data@matrix_add.cc:10
                    6.37%  34.128us         1  34.128us  34.128us  34.128us  acc_enqueue_launch@matrix_add.cc:10 (_Z25openacc_matrix_add_10_gpuPKfS0_Pfii)
                    3.88%  20.779us         1  20.779us  20.779us  20.779us  acc_compute_construct@matrix_add.cc:10
                    1.25%  6.6940us         1  6.6940us  6.6940us  6.6940us  acc_exit_data@matrix_add.cc:10

==39278== Unified Memory profiling result:
Device "Tesla V100-SXM2-32GB (0)"
   Count  Avg Size  Min Size  Max Size  Total Size  Total Time  Name
       2  32.000KB  4.0000KB  60.000KB  64.00000KB  10.78400us  Host To Device
       2  32.000KB  4.0000KB  60.000KB  64.00000KB  7.232000us  Device To Host
       1         -         -         -           -  287.8080us  Gpu page fault groups
Total CPU Page faults: 2
