
Currently Loaded Modules:
  1) ncarenv/1.2   2) nvhpc/20.11   3) cuda/11.0.3

 

==39576== NVPROF is profiling process 39576, command: ./matrix_add.exe 1024 1024
==39576== Profiling application: ./matrix_add.exe 1024 1024
==39576== Profiling result:
            Type  Time(%)      Time     Calls       Avg       Min       Max  Name
 GPU activities:  100.00%  3.6996ms         1  3.6996ms  3.6996ms  3.6996ms  openacc_matrix_add_10_gpu(float const *, float const *, float*, int, int)
      API calls:   87.87%  200.06ms         1  200.06ms  200.06ms  200.06ms  cuDevicePrimaryCtxRetain
                    9.00%  20.482ms         1  20.482ms  20.482ms  20.482ms  cuMemAllocManaged
                    1.62%  3.6987ms         1  3.6987ms  3.6987ms  3.6987ms  cuStreamSynchronize
                    0.95%  2.1642ms         2  1.0821ms  1.0236ms  1.1407ms  cuDeviceTotalMem
                    0.40%  918.65us         1  918.65us  918.65us  918.65us  cuMemAllocHost
                    0.08%  171.44us         1  171.44us  171.44us  171.44us  cuMemAlloc
                    0.04%  100.39us         1  100.39us  100.39us  100.39us  cuModuleLoadDataEx
                    0.02%  36.823us         1  36.823us  36.823us  36.823us  cuLaunchKernel
                    0.01%  14.193us         1  14.193us  14.193us  14.193us  cuStreamCreate
                    0.00%  8.1080us         3  2.7020us     346ns  4.1330us  cuPointerGetAttributes
                    0.00%  5.2980us         1  5.2980us  5.2980us  5.2980us  cuDeviceGetPCIBusId
                    0.00%  3.0020us         1  3.0020us  3.0020us  3.0020us  cuModuleGetFunction
                    0.00%  2.2320us         3     744ns     242ns  1.3410us  cuCtxSetCurrent
                    0.00%  1.4480us         5     289ns     200ns     469ns  cuDeviceGetAttribute
                    0.00%  1.4020us         3     467ns     195ns     992ns  cuDeviceGetCount
                    0.00%     785ns         2     392ns     157ns     628ns  cuDeviceGet
                    0.00%     274ns         1     274ns     274ns     274ns  cuCtxGetCurrent
                    0.00%     220ns         1     220ns     220ns     220ns  cuDeviceComputeCapability
                    0.00%     184ns         1     184ns     184ns     184ns  cuDriverGetVersion
 OpenACC (excl):   93.64%  3.7011ms         1  3.7011ms  3.7011ms  3.7011ms  acc_wait@matrix_add.cc:10
                    3.23%  127.64us         1  127.64us  127.64us  127.64us  acc_device_init
                    1.26%  49.943us         1  49.943us  49.943us  49.943us  acc_enter_data@matrix_add.cc:10
                    1.09%  43.172us         1  43.172us  43.172us  43.172us  acc_enqueue_launch@matrix_add.cc:10 (_Z25openacc_matrix_add_10_gpuPKfS0_Pfii)
                    0.60%  23.799us         1  23.799us  23.799us  23.799us  acc_compute_construct@matrix_add.cc:10
                    0.17%  6.6780us         1  6.6780us  6.6780us  6.6780us  acc_exit_data@matrix_add.cc:10

==39576== Unified Memory profiling result:
Device "Tesla V100-SXM2-32GB (0)"
   Count  Avg Size  Min Size  Max Size  Total Size  Total Time  Name
     232  39.724KB  4.0000KB  924.00KB  9.000000MB  1.432960ms  Host To Device
      39  118.15KB  4.0000KB  0.9961MB  4.500000MB  419.9680us  Device To Host
      18         -         -         -           -  3.667712ms  Gpu page fault groups
Total CPU Page faults: 61
