
Currently Loaded Modules:
  1) ncarenv/1.2   2) nvhpc/20.11   3) cuda/11.0.3

 

==40582== NVPROF is profiling process 40582, command: ./matrix_add.exe 4096 8192
==40582== Profiling application: ./matrix_add.exe 4096 8192
==40582== Profiling result:
            Type  Time(%)      Time     Calls       Avg       Min       Max  Name
 GPU activities:  100.00%  38.603ms         1  38.603ms  38.603ms  38.603ms  openacc_matrix_add_10_gpu(float const *, float const *, float*, int, int)
      API calls:   77.73%  226.70ms         1  226.70ms  226.70ms  226.70ms  cuDevicePrimaryCtxRetain
                   13.24%  38.608ms         1  38.608ms  38.608ms  38.608ms  cuStreamSynchronize
                    6.95%  20.277ms         2  10.139ms  29.672us  20.247ms  cuMemAllocManaged
                    1.62%  4.7370ms         4  1.1842ms  1.1043ms  1.2567ms  cuDeviceTotalMem
                    0.32%  930.21us         1  930.21us  930.21us  930.21us  cuMemAllocHost
                    0.06%  181.24us         1  181.24us  181.24us  181.24us  cuMemAlloc
                    0.04%  117.76us         1  117.76us  117.76us  117.76us  cuModuleLoadDataEx
                    0.02%  48.448us         1  48.448us  48.448us  48.448us  cuLaunchKernel
                    0.01%  16.203us         3  5.4010us     370ns  15.235us  cuPointerGetAttributes
                    0.01%  14.636us         1  14.636us  14.636us  14.636us  cuStreamCreate
                    0.00%  5.6950us         1  5.6950us  5.6950us  5.6950us  cuDeviceGetPCIBusId
                    0.00%  4.5100us         1  4.5100us  4.5100us  4.5100us  cuModuleGetFunction
                    0.00%  1.7450us         5     349ns     243ns     485ns  cuDeviceGetAttribute
                    0.00%  1.6510us         3     550ns     218ns     757ns  cuCtxSetCurrent
                    0.00%  1.4950us         3     498ns     207ns  1.0440us  cuDeviceGetCount
                    0.00%     732ns         2     366ns     156ns     576ns  cuDeviceGet
                    0.00%     294ns         1     294ns     294ns     294ns  cuCtxGetCurrent
                    0.00%     210ns         1     210ns     210ns     210ns  cuDeviceComputeCapability
                    0.00%     146ns         1     146ns     146ns     146ns  cuDriverGetVersion
 OpenACC (excl):   99.16%  38.618ms         1  38.618ms  38.618ms  38.618ms  acc_wait@matrix_add.cc:10
                    0.37%  144.95us         1  144.95us  144.95us  144.95us  acc_device_init
                    0.21%  79.983us         1  79.983us  79.983us  79.983us  acc_enter_data@matrix_add.cc:10
                    0.15%  56.970us         1  56.970us  56.970us  56.970us  acc_enqueue_launch@matrix_add.cc:10 (_Z25openacc_matrix_add_10_gpuPKfS0_Pfii)
                    0.08%  29.283us         1  29.283us  29.283us  29.283us  acc_compute_construct@matrix_add.cc:10
                    0.04%  15.537us         1  15.537us  15.537us  15.537us  acc_exit_data@matrix_add.cc:10

==40582== Unified Memory profiling result:
Device "Tesla V100-SXM2-32GB (0)"
   Count  Avg Size  Min Size  Max Size  Total Size  Total Time  Name
    1672  78.774KB  4.0000KB  0.9922MB  128.6250MB  15.79795ms  Host To Device
     391  168.27KB  4.0000KB  0.9961MB  64.25000MB  5.651648ms  Device To Host
     227         -         -         -           -  38.14042ms  Gpu page fault groups
Total CPU Page faults: 1357
