
Currently Loaded Modules:
  1) ncarenv/1.2   2) nvhpc/20.11   3) cuda/11.0.3

 

==38917== NVPROF is profiling process 38917, command: ./matrix_add.exe 6 3
==38917== Profiling application: ./matrix_add.exe 6 3
==38917== Profiling result:
            Type  Time(%)      Time     Calls       Avg       Min       Max  Name
 GPU activities:  100.00%  299.84us         1  299.84us  299.84us  299.84us  openacc_matrix_add_10_gpu(float const *, float const *, float*, int, int)
      API calls:   89.24%  200.27ms         1  200.27ms  200.27ms  200.27ms  cuDevicePrimaryCtxRetain
                    9.12%  20.476ms         1  20.476ms  20.476ms  20.476ms  cuMemAllocManaged
                    0.93%  2.0829ms         2  1.0414ms  1.0193ms  1.0635ms  cuDeviceTotalMem
                    0.41%  919.53us         1  919.53us  919.53us  919.53us  cuMemAllocHost
                    0.13%  299.05us         1  299.05us  299.05us  299.05us  cuStreamSynchronize
                    0.08%  173.03us         1  173.03us  173.03us  173.03us  cuMemAlloc
                    0.05%  121.94us         1  121.94us  121.94us  121.94us  cuModuleLoadDataEx
                    0.02%  35.024us         1  35.024us  35.024us  35.024us  cuLaunchKernel
                    0.01%  15.491us         1  15.491us  15.491us  15.491us  cuStreamCreate
                    0.00%  7.4680us         3  2.4890us     343ns  3.8570us  cuPointerGetAttributes
                    0.00%  5.1170us         1  5.1170us  5.1170us  5.1170us  cuDeviceGetPCIBusId
                    0.00%  3.3510us         1  3.3510us  3.3510us  3.3510us  cuModuleGetFunction
                    0.00%  1.6830us         3     561ns     253ns     807ns  cuCtxSetCurrent
                    0.00%  1.3790us         5     275ns     203ns     377ns  cuDeviceGetAttribute
                    0.00%  1.2150us         3     405ns     171ns     747ns  cuDeviceGetCount
                    0.00%     688ns         2     344ns     148ns     540ns  cuDeviceGet
                    0.00%     649ns         1     649ns     649ns     649ns  cuDriverGetVersion
                    0.00%     338ns         1     338ns     338ns     338ns  cuCtxGetCurrent
                    0.00%     204ns         1     204ns     204ns     204ns  cuDeviceComputeCapability
 OpenACC (excl):   50.17%  301.64us         1  301.64us  301.64us  301.64us  acc_wait@matrix_add.cc:10
                   24.96%  150.04us         1  150.04us  150.04us  150.04us  acc_device_init
                   13.38%  80.415us         1  80.415us  80.415us  80.415us  acc_enter_data@matrix_add.cc:10
                    6.77%  40.698us         1  40.698us  40.698us  40.698us  acc_enqueue_launch@matrix_add.cc:10 (_Z25openacc_matrix_add_10_gpuPKfS0_Pfii)
                    3.41%  20.529us         1  20.529us  20.529us  20.529us  acc_compute_construct@matrix_add.cc:10
                    1.31%  7.8680us         1  7.8680us  7.8680us  7.8680us  acc_exit_data@matrix_add.cc:10

==38917== Unified Memory profiling result:
Device "Tesla V100-SXM2-32GB (0)"
   Count  Avg Size  Min Size  Max Size  Total Size  Total Time  Name
       2  32.000KB  4.0000KB  60.000KB  64.00000KB  10.68800us  Host To Device
       2  32.000KB  4.0000KB  60.000KB  64.00000KB  7.232000us  Device To Host
       1         -         -         -           -  296.3520us  Gpu page fault groups
Total CPU Page faults: 2
